2020-07-16 10:19:08 c.m.d.BooksApplication - Starting BooksApplication on MickBookPro.local with PID 50567 (/Users/zhukeshun/Documents/ideaProject/books/target/classes started by zhukeshun in /Users/zhukeshun/Documents/ideaProject/books)
2020-07-16 10:19:08 c.m.d.BooksApplication - Running with Spring Boot v2.3.1.RELEASE, Spring v5.2.7.RELEASE
2020-07-16 10:19:08 c.m.d.BooksApplication - The following profiles are active: dev
2020-07-16 10:19:10 c.m.d.BooksApplication - Started BooksApplication in 3.29 seconds (JVM running for 4.364)
2020-07-16 10:19:15 c.m.d.d.R.getIdMatchCount - ==>  Preparing: select count(*) from reader_card where reader_id = ? and password = ?
2020-07-16 10:19:15 c.m.d.d.R.getIdMatchCount - ==>  Preparing: select count(*) from reader_card where reader_id = ? and password = ?
2020-07-16 10:19:15 c.m.d.d.R.getIdMatchCount - ==> Parameters: 9000(Long), 123123(String)
2020-07-16 10:19:15 c.m.d.d.R.getIdMatchCount - ==> Parameters: 9000(Long), 123123(String)
2020-07-16 10:19:15 c.m.d.d.R.getIdMatchCount - <==      Total: 1
2020-07-16 10:19:15 c.m.d.d.R.getIdMatchCount - <==      Total: 1
2020-07-16 10:19:15 c.m.d.d.A.getMatchCount - ==>  Preparing: select count(*) from admin where admin_id = ? and password = ?
2020-07-16 10:19:15 c.m.d.d.A.getMatchCount - ==>  Preparing: select count(*) from admin where admin_id = ? and password = ?
2020-07-16 10:19:15 c.m.d.d.A.getMatchCount - ==> Parameters: 9000(Long), 123123(String)
2020-07-16 10:19:15 c.m.d.d.A.getMatchCount - ==> Parameters: 9000(Long), 123123(String)
2020-07-16 10:19:15 c.m.d.d.A.getMatchCount - <==      Total: 1
2020-07-16 10:19:15 c.m.d.d.A.getUsername - ==>  Preparing: select username from admin where admin_id = ?
2020-07-16 10:19:15 c.m.d.d.A.getUsername - ==> Parameters: 9000(Long)
2020-07-16 10:19:15 c.m.d.d.A.getUsername - <==      Total: 1
2020-07-16 10:19:15 c.m.d.d.A.getMatchCount - <==      Total: 1
2020-07-16 10:19:15 c.m.d.d.A.getUsername - ==>  Preparing: select username from admin where admin_id = ?
2020-07-16 10:19:15 c.m.d.d.A.getUsername - ==> Parameters: 9000(Long)
2020-07-16 10:19:15 c.m.d.d.A.getUsername - <==      Total: 1
2020-07-16 10:19:49 c.m.d.BooksApplication - Starting BooksApplication on MickBookPro.local with PID 50571 (/Users/zhukeshun/Documents/ideaProject/books/target/classes started by zhukeshun in /Users/zhukeshun/Documents/ideaProject/books)
2020-07-16 10:19:49 c.m.d.BooksApplication - Running with Spring Boot v2.3.1.RELEASE, Spring v5.2.7.RELEASE
2020-07-16 10:19:49 c.m.d.BooksApplication - The following profiles are active: dev
2020-07-16 10:19:50 o.m.s.m.ClassPathMapperScanner - No MyBatis mapper was found in '[com.mickszhu.demo]' package. Please check your configuration.
2020-07-16 10:19:51 o.s.b.w.e.t.TomcatWebServer - Tomcat initialized with port(s): 8080 (http)
2020-07-16 10:19:51 o.a.c.c.StandardService - Starting service [Tomcat]
2020-07-16 10:19:51 o.a.c.c.StandardEngine - Starting Servlet engine: [Apache Tomcat/9.0.36]
2020-07-16 10:19:51 o.a.c.c.C.[.[.[/] - Initializing Spring embedded WebApplicationContext
2020-07-16 10:19:51 o.s.b.w.s.c.ServletWebServerApplicationContext - Root WebApplicationContext: initialization completed in 1447 ms
2020-07-16 10:19:52 s.d.s.w.PropertySourcedRequestMappingHandlerMapping - Mapped URL path [/v2/api-docs] onto method [springfox.documentation.swagger2.web.Swagger2Controller#getDocumentation(String, HttpServletRequest)]
2020-07-16 10:19:52 o.s.s.c.ThreadPoolTaskExecutor - Initializing ExecutorService 'applicationTaskExecutor'
2020-07-16 10:19:52 o.s.b.w.e.t.TomcatWebServer - Tomcat started on port(s): 8080 (http) with context path ''
2020-07-16 10:19:52 s.d.s.w.p.DocumentationPluginsBootstrapper - Context refreshed
2020-07-16 10:19:52 s.d.s.w.p.DocumentationPluginsBootstrapper - Found 1 custom documentation plugin(s)
2020-07-16 10:19:52 s.d.s.w.s.ApiListingReferenceScanner - Scanning for api listing references
2020-07-16 10:19:52 c.m.d.BooksApplication - Started BooksApplication in 3.265 seconds (JVM running for 4.287)
2020-07-16 10:20:00 o.a.c.c.C.[.[.[/] - Initializing Spring DispatcherServlet 'dispatcherServlet'
2020-07-16 10:20:00 o.s.w.s.DispatcherServlet - Initializing Servlet 'dispatcherServlet'
2020-07-16 10:20:00 o.s.w.s.DispatcherServlet - Completed initialization in 7 ms
2020-07-16 10:20:01 c.a.d.p.DruidDataSource - {dataSource-1} inited
2020-07-16 10:20:01 c.m.d.d.R.getIdMatchCount - ==>  Preparing: select count(*) from reader_card where reader_id = ? and password = ?
2020-07-16 10:20:01 c.m.d.d.R.getIdMatchCount - ==> Parameters: 9000(Long), 123123(String)
2020-07-16 10:20:01 c.m.d.d.R.getIdMatchCount - <==      Total: 1
2020-07-16 10:20:01 c.m.d.d.A.getMatchCount - ==>  Preparing: select count(*) from admin where admin_id = ? and password = ?
2020-07-16 10:20:01 c.m.d.d.A.getMatchCount - ==> Parameters: 9000(Long), 123123(String)
2020-07-16 10:20:01 c.m.d.d.A.getMatchCount - <==      Total: 1
2020-07-16 10:20:01 c.m.d.d.A.getUsername - ==>  Preparing: select username from admin where admin_id = ?
2020-07-16 10:20:01 c.m.d.d.A.getUsername - ==> Parameters: 9000(Long)
2020-07-16 10:20:01 c.m.d.d.A.getUsername - <==      Total: 1
2020-07-16 10:20:18 o.s.s.c.ThreadPoolTaskExecutor - Shutting down ExecutorService 'applicationTaskExecutor'
2020-07-16 10:20:18 c.a.d.p.DruidDataSource - {dataSource-1} closed
2020-07-16 10:34:04 c.m.d.BooksApplication - Starting BooksApplication on MickBookPro.local with PID 50656 (/Users/zhukeshun/Documents/ideaProject/books/target/classes started by zhukeshun in /Users/zhukeshun/Documents/ideaProject/books)
2020-07-16 10:34:04 c.m.d.BooksApplication - Running with Spring Boot v2.3.1.RELEASE, Spring v5.2.7.RELEASE
2020-07-16 10:34:04 c.m.d.BooksApplication - The following profiles are active: dev
2020-07-16 10:34:05 o.m.s.m.ClassPathMapperScanner - No MyBatis mapper was found in '[com.mickszhu.demo]' package. Please check your configuration.
2020-07-16 10:34:06 o.s.b.w.e.t.TomcatWebServer - Tomcat initialized with port(s): 8080 (http)
2020-07-16 10:34:06 o.a.c.c.StandardService - Starting service [Tomcat]
2020-07-16 10:34:06 o.a.c.c.StandardEngine - Starting Servlet engine: [Apache Tomcat/9.0.36]
2020-07-16 10:34:06 o.a.c.c.C.[.[.[/] - Initializing Spring embedded WebApplicationContext
2020-07-16 10:34:06 o.s.b.w.s.c.ServletWebServerApplicationContext - Root WebApplicationContext: initialization completed in 1427 ms
2020-07-16 10:34:07 s.d.s.w.PropertySourcedRequestMappingHandlerMapping - Mapped URL path [/v2/api-docs] onto method [springfox.documentation.swagger2.web.Swagger2Controller#getDocumentation(String, HttpServletRequest)]
2020-07-16 10:34:07 o.s.s.c.ThreadPoolTaskExecutor - Initializing ExecutorService 'applicationTaskExecutor'
2020-07-16 10:34:07 o.s.b.w.e.t.TomcatWebServer - Tomcat started on port(s): 8080 (http) with context path ''
2020-07-16 10:34:07 s.d.s.w.p.DocumentationPluginsBootstrapper - Context refreshed
2020-07-16 10:34:07 s.d.s.w.p.DocumentationPluginsBootstrapper - Found 1 custom documentation plugin(s)
2020-07-16 10:34:07 s.d.s.w.s.ApiListingReferenceScanner - Scanning for api listing references
2020-07-16 10:34:07 c.m.d.BooksApplication - Started BooksApplication in 3.58 seconds (JVM running for 4.779)
2020-07-16 10:34:14 o.a.c.c.C.[.[.[/] - Initializing Spring DispatcherServlet 'dispatcherServlet'
2020-07-16 10:34:14 o.s.w.s.DispatcherServlet - Initializing Servlet 'dispatcherServlet'
2020-07-16 10:34:14 o.s.w.s.DispatcherServlet - Completed initialization in 7 ms
2020-07-16 10:34:14 c.m.d.i.AuthenticationInterceptor - 打印token:Bearer
2020-07-16 10:34:41 c.a.d.p.DruidDataSource - {dataSource-1} inited
2020-07-16 10:34:41 c.m.d.d.R.getIdMatchCount - ==>  Preparing: select count(*) from reader_card where reader_id = ? and password = ?
2020-07-16 10:34:41 c.m.d.d.R.getIdMatchCount - ==> Parameters: 9000(Long), 123123(String)
2020-07-16 10:34:41 c.m.d.d.R.getIdMatchCount - <==      Total: 1
2020-07-16 10:34:41 c.m.d.d.A.getMatchCount - ==>  Preparing: select count(*) from admin where admin_id = ? and password = ?
2020-07-16 10:34:41 c.m.d.d.A.getMatchCount - ==> Parameters: 9000(Long), 123123(String)
2020-07-16 10:34:41 c.m.d.d.A.getMatchCount - <==      Total: 1
2020-07-16 10:34:41 c.m.d.d.A.getUsername - ==>  Preparing: select username from admin where admin_id = ?
2020-07-16 10:34:41 c.m.d.d.A.getUsername - ==> Parameters: 9000(Long)
2020-07-16 10:34:41 c.m.d.d.A.getUsername - <==      Total: 1
2020-07-16 10:36:44 o.s.s.c.ThreadPoolTaskExecutor - Shutting down ExecutorService 'applicationTaskExecutor'
2020-07-16 10:36:44 c.a.d.p.DruidDataSource - {dataSource-1} closed
2020-07-16 10:36:51 c.m.d.BooksApplication - Starting BooksApplication on MickBookPro.local with PID 50675 (/Users/zhukeshun/Documents/ideaProject/books/target/classes started by zhukeshun in /Users/zhukeshun/Documents/ideaProject/books)
2020-07-16 10:36:51 c.m.d.BooksApplication - Running with Spring Boot v2.3.1.RELEASE, Spring v5.2.7.RELEASE
2020-07-16 10:36:51 c.m.d.BooksApplication - The following profiles are active: dev
2020-07-16 10:36:52 o.m.s.m.ClassPathMapperScanner - No MyBatis mapper was found in '[com.mickszhu.demo]' package. Please check your configuration.
2020-07-16 10:36:52 o.s.b.w.e.t.TomcatWebServer - Tomcat initialized with port(s): 8080 (http)
2020-07-16 10:36:53 o.a.c.c.StandardService - Starting service [Tomcat]
2020-07-16 10:36:53 o.a.c.c.StandardEngine - Starting Servlet engine: [Apache Tomcat/9.0.36]
2020-07-16 10:36:53 o.a.c.c.C.[.[.[/] - Initializing Spring embedded WebApplicationContext
2020-07-16 10:36:53 o.s.b.w.s.c.ServletWebServerApplicationContext - Root WebApplicationContext: initialization completed in 1374 ms
2020-07-16 10:36:53 s.d.s.w.PropertySourcedRequestMappingHandlerMapping - Mapped URL path [/v2/api-docs] onto method [springfox.documentation.swagger2.web.Swagger2Controller#getDocumentation(String, HttpServletRequest)]
2020-07-16 10:36:53 o.s.s.c.ThreadPoolTaskExecutor - Initializing ExecutorService 'applicationTaskExecutor'
2020-07-16 10:36:54 o.s.b.w.e.t.TomcatWebServer - Tomcat started on port(s): 8080 (http) with context path ''
2020-07-16 10:36:54 s.d.s.w.p.DocumentationPluginsBootstrapper - Context refreshed
2020-07-16 10:36:54 s.d.s.w.p.DocumentationPluginsBootstrapper - Found 1 custom documentation plugin(s)
2020-07-16 10:36:54 s.d.s.w.s.ApiListingReferenceScanner - Scanning for api listing references
2020-07-16 10:36:54 c.m.d.BooksApplication - Started BooksApplication in 3.322 seconds (JVM running for 4.298)
2020-07-16 10:37:15 o.a.c.c.C.[.[.[/] - Initializing Spring DispatcherServlet 'dispatcherServlet'
2020-07-16 10:37:15 o.s.w.s.DispatcherServlet - Initializing Servlet 'dispatcherServlet'
2020-07-16 10:37:15 o.s.w.s.DispatcherServlet - Completed initialization in 7 ms
2020-07-16 10:37:15 c.m.d.i.AuthenticationInterceptor - 打印token:Bearer
2020-07-16 10:37:15 c.m.d.c.BookController - 查询图书的关键字：三生
2020-07-16 10:37:15 c.a.d.p.DruidDataSource - {dataSource-1} inited
2020-07-16 10:37:15 c.m.d.d.B.matchBook - ==>  Preparing: select count(*) from book_info where name like ? or author like ? or introduction like ?
2020-07-16 10:37:15 c.m.d.d.B.matchBook - ==> Parameters: %三生%(String), %三生%(String), %三生%(String)
2020-07-16 10:37:15 c.m.d.d.B.matchBook - <==      Total: 1
2020-07-16 10:37:15 c.m.d.d.B.queryBook - ==>  Preparing: select * from book_info where name like ? or author like ? or introduction like ?
2020-07-16 10:37:15 c.m.d.d.B.queryBook - ==> Parameters: %三生%(String), %三生%(String), %三生%(String)
2020-07-16 10:37:15 c.m.d.d.B.queryBook - <==      Total: 1
2020-07-16 10:37:45 o.s.s.c.ThreadPoolTaskExecutor - Shutting down ExecutorService 'applicationTaskExecutor'
2020-07-16 10:37:45 c.a.d.p.DruidDataSource - {dataSource-1} closed
2020-07-16 10:38:19 c.m.d.BooksApplication - Starting BooksApplication on MickBookPro.local with PID 50684 (/Users/zhukeshun/Documents/ideaProject/books/target/classes started by zhukeshun in /Users/zhukeshun/Documents/ideaProject/books)
2020-07-16 10:38:19 c.m.d.BooksApplication - The following profiles are active: dev
2020-07-16 10:38:21 c.m.d.BooksApplication - Started BooksApplication in 3.314 seconds (JVM running for 4.333)
2020-07-16 10:38:34 c.m.d.c.BookController - 查询图书的关键字：三生
